{"code":"ECONNREFUSED","level":"error","message":"Database connection failed:","service":"notification-system","stack":"AggregateError [ECONNREFUSED]: \n    at internalConnectMultiple (node:net:1134:18)\n    at afterConnectMultiple (node:net:1715:7)","timestamp":"2026-04-20 02:53:07"}
{"code":"ECONNREFUSED","level":"error","message":"Database connection failed:","service":"notification-system","stack":"AggregateError [ECONNREFUSED]: \n    at internalConnectMultiple (node:net:1134:18)\n    at afterConnectMultiple (node:net:1715:7)","timestamp":"2026-04-20 02:53:15"}
{"code":"42703","file":"parse_target.c","length":126,"level":"error","line":"1075","message":"Registration error: insert into \"users\" (\"email\", \"first_name\", \"last_name\", \"password\", \"password_hash\", \"phone\", \"role\") values ($1, $2, $3, $4, $5, DEFAULT, $6) returning * - column \"password\" of relation \"users\" does not exist","name":"error","position":"58","routine":"checkInsertTargets","service":"notification-system","severity":"ERROR","stack":"error: insert into \"users\" (\"email\", \"first_name\", \"last_name\", \"password\", \"password_hash\", \"phone\", \"role\") values ($1, $2, $3, $4, $5, DEFAULT, $6) returning * - column \"password\" of relation \"users\" does not exist\n    at parseErrorMessage (C:\\Users\\DK\\Desktop\\svyat\\Praktikum\\backend\\node_modules\\pg-protocol\\dist\\parser.js:305:11)\n    at Parser.handlePacket (C:\\Users\\DK\\Desktop\\svyat\\Praktikum\\backend\\node_modules\\pg-protocol\\dist\\parser.js:143:27)\n    at Parser.parse (C:\\Users\\DK\\Desktop\\svyat\\Praktikum\\backend\\node_modules\\pg-protocol\\dist\\parser.js:37:38)\n    at Socket.<anonymous> (C:\\Users\\DK\\Desktop\\svyat\\Praktikum\\backend\\node_modules\\pg-protocol\\dist\\index.js:11:42)\n    at Socket.emit (node:events:508:28)\n    at addChunk (node:internal/streams/readable:559:12)\n    at readableAddChunkPushByteMode (node:internal/streams/readable:510:3)\n    at Readable.push (node:internal/streams/readable:390:5)\n    at TCP.onStreamRead (node:internal/stream_base_commons:189:23)","timestamp":"2026-04-20 03:24:10"}
{"level":"info","message":"New user registered: admin@example.com","service":"notification-system","timestamp":"2026-04-20 03:24:55"}
{"level":"info","message":"User logged in: admin@example.com","service":"notification-system","timestamp":"2026-04-20 03:25:15"}
{"code":"ECONNREFUSED","level":"error","message":"Login error:","service":"notification-system","stack":"AggregateError [ECONNREFUSED]: \n    at internalConnectMultiple (node:net:1134:18)\n    at afterConnectMultiple (node:net:1715:7)","timestamp":"2026-05-09 02:14:48"}
{"code":"ECONNREFUSED","level":"error","message":"Login error:","service":"notification-system","stack":"AggregateError [ECONNREFUSED]: \n    at internalConnectMultiple (node:net:1134:18)\n    at afterConnectMultiple (node:net:1715:7)","timestamp":"2026-05-09 02:14:50"}
{"code":"ECONNREFUSED","level":"error","message":"Login error:","service":"notification-system","stack":"AggregateError [ECONNREFUSED]: \n    at internalConnectMultiple (node:net:1134:18)\n    at afterConnectMultiple (node:net:1715:7)","timestamp":"2026-05-09 02:14:51"}
{"code":"ECONNREFUSED","level":"error","message":"Login error:","service":"notification-system","stack":"AggregateError [ECONNREFUSED]: \n    at internalConnectMultiple (node:net:1134:18)\n    at afterConnectMultiple (node:net:1715:7)","timestamp":"2026-05-09 02:14:51"}
{"code":"ECONNREFUSED","level":"error","message":"Login error:","service":"notification-system","stack":"AggregateError [ECONNREFUSED]: \n    at internalConnectMultiple (node:net:1134:18)\n    at afterConnectMultiple (node:net:1715:7)","timestamp":"2026-05-09 02:14:52"}
{"code":"ECONNREFUSED","level":"error","message":"Login error:","service":"notification-system","stack":"AggregateError [ECONNREFUSED]: \n    at internalConnectMultiple (node:net:1134:18)\n    at afterConnectMultiple (node:net:1715:7)","timestamp":"2026-05-09 02:31:56"}
{"code":"ECONNREFUSED","level":"error","message":"Login error:","service":"notification-system","stack":"AggregateError [ECONNREFUSED]: \n    at internalConnectMultiple (node:net:1134:18)\n    at afterConnectMultiple (node:net:1715:7)","timestamp":"2026-05-09 14:55:22"}
{"code":"ECONNREFUSED","level":"error","message":"Login error:","service":"notification-system","stack":"AggregateError [ECONNREFUSED]: \n    at internalConnectMultiple (node:net:1134:18)\n    at afterConnectMultiple (node:net:1715:7)","timestamp":"2026-05-09 14:55:41"}
{"code":"ECONNREFUSED","level":"error","message":"Login error:","service":"notification-system","stack":"AggregateError [ECONNREFUSED]: \n    at internalConnectMultiple (node:net:1134:18)\n    at afterConnectMultiple (node:net:1715:7)","timestamp":"2026-05-09 14:55:42"}
{"code":"ECONNREFUSED","level":"error","message":"Login error:","service":"notification-system","stack":"AggregateError [ECONNREFUSED]: \n    at internalConnectMultiple (node:net:1134:18)\n    at afterConnectMultiple (node:net:1715:7)","timestamp":"2026-05-09 14:55:43"}
{"level":"info","message":"Notification created: 9f9d15ad-a81f-4d7c-a9d4-682dea8326b6 by admin@example.com","service":"notification-system","timestamp":"2026-05-15 11:16:35"}
{"level":"info","message":"User admin@example.com authenticated and connected","service":"notification-system","timestamp":"2026-05-15 11:30:27"}
{"level":"info","message":"Notification created: 4ed61fe2-441b-4044-af74-2ef2b0d64367 by admin@example.com","service":"notification-system","timestamp":"2026-05-15 11:30:48"}
{"level":"info","message":"Notification created: 9dc56c4e-ad2c-43cd-8cbf-45c82738eab6 by admin@example.com","service":"notification-system","timestamp":"2026-05-29 00:46:17"}
{"level":"info","message":"User admin@example.com authenticated and connected","service":"notification-system","timestamp":"2026-05-29 00:48:11"}
{"level":"info","message":"User admin@example.com disconnected","service":"notification-system","timestamp":"2026-05-29 00:48:45"}
{"level":"info","message":"User admin@example.com authenticated and connected","service":"notification-system","timestamp":"2026-05-29 00:48:45"}
{"level":"info","message":"User admin@example.com authenticated and connected","service":"notification-system","timestamp":"2026-05-29 00:49:18"}
{"level":"info","message":"User admin@example.com disconnected","service":"notification-system","timestamp":"2026-05-29 00:49:25"}
{"level":"info","message":"User admin@example.com authenticated and connected","service":"notification-system","timestamp":"2026-05-29 00:49:26"}
{"level":"info","message":"User admin@example.com disconnected","service":"notification-system","timestamp":"2026-05-29 00:49:56"}
{"level":"info","message":"User manager@example.com authenticated and connected","service":"notification-system","timestamp":"2026-05-29 00:50:00"}
{"level":"info","message":"User manager@example.com disconnected","service":"notification-system","timestamp":"2026-05-29 00:50:22"}
{"level":"info","message":"Notification created: 775562b3-bba4-44f1-af83-393a62a3e885 by admin@example.com","service":"notification-system","timestamp":"2026-05-29 00:50:51"}
